*** Installation started 2024/07/31 08:35 ***
Source: C:\Users\admin\Downloads\Pillow-3.2.0.win-amd64-py2.7.exe
999 Root Key: HKEY_LOCAL_MACHINE
020 Reg DB Key: [Software\Microsoft\Windows\CurrentVersion\Uninstall]Pillow-py2.7
040 Reg DB Value: [Software\Microsoft\Windows\CurrentVersion\Uninstall\Pillow-py2.7]DisplayName=Python 2.7 Pillow-3.2.0
040 Reg DB Value: [Software\Microsoft\Windows\CurrentVersion\Uninstall\Pillow-py2.7]UninstallString="C:\Python27\RemovePillow.exe" -u "C:\Python27\Pillow-wininst.log"
100 Made Dir: C:\Python27\Lib\site-packages\PIL
200 File Copy: C:\Python27\Lib\site-packages\PIL\BdfFontFile.py
200 File Copy: C:\Python27\Lib\site-packages\PIL\BmpImagePlugin.py
200 File Copy: C:\Python27\Lib\site-packages\PIL\BufrStubImagePlugin.py
200 File Copy: C:\Python27\Lib\site-packages\PIL\ContainerIO.py
200 File Copy: C:\Python27\Lib\site-packages\PIL\CurImagePlugin.py
200 File Copy: C:\Python27\Lib\site-packages\PIL\DcxImagePlugin.py
200 File Copy: C:\Python27\Lib\site-packages\PIL\DdsImagePlugin.py
200 File Copy: C:\Python27\Lib\site-packages\PIL\EpsImagePlugin.py
200 File Copy: C:\Python27\Lib\site-packages\PIL\ExifTags.py
200 File Copy: C:\Python27\Lib\site-packages\PIL\features.py
200 File Copy: C:\Python27\Lib\site-packages\PIL\FitsStubImagePlugin.py
200 File Copy: C:\Python27\Lib\site-packages\PIL\FliImagePlugin.py
200 File Copy: C:\Python27\Lib\site-packages\PIL\FontFile.py
200 File Copy: C:\Python27\Lib\site-packages\PIL\FpxImagePlugin.py
200 File Copy: C:\Python27\Lib\site-packages\PIL\FtexImagePlugin.py
200 File Copy: C:\Python27\Lib\site-packages\PIL\GbrImagePlugin.py
200 File Copy: C:\Python27\Lib\site-packages\PIL\GdImageFile.py
200 File Copy: C:\Python27\Lib\site-packages\PIL\GifImagePlugin.py
200 File Copy: C:\Python27\Lib\site-packages\PIL\GimpGradientFile.py
200 File Copy: C:\Python27\Lib\site-packages\PIL\GimpPaletteFile.py
200 File Copy: C:\Python27\Lib\site-packages\PIL\GribStubImagePlugin.py
200 File Copy: C:\Python27\Lib\site-packages\PIL\Hdf5StubImagePlugin.py
200 File Copy: C:\Python27\Lib\site-packages\PIL\IcnsImagePlugin.py
200 File Copy: C:\Python27\Lib\site-packages\PIL\IcoImagePlugin.py
200 File Copy: C:\Python27\Lib\site-packages\PIL\Image.py
200 File Copy: C:\Python27\Lib\site-packages\PIL\ImageChops.py
200 File Copy: C:\Python27\Lib\site-packages\PIL\ImageCms.py
200 File Copy: C:\Python27\Lib\site-packages\PIL\ImageColor.py
200 File Copy: C:\Python27\Lib\site-packages\PIL\ImageDraw.py
200 File Copy: C:\Python27\Lib\site-packages\PIL\ImageDraw2.py
200 File Copy: C:\Python27\Lib\site-packages\PIL\ImageEnhance.py
200 File Copy: C:\Python27\Lib\site-packages\PIL\ImageFile.py
200 File Copy: C:\Python27\Lib\site-packages\PIL\ImageFilter.py
200 File Copy: C:\Python27\Lib\site-packages\PIL\ImageFont.py
200 File Copy: C:\Python27\Lib\site-packages\PIL\ImageGrab.py
200 File Copy: C:\Python27\Lib\site-packages\PIL\ImageMath.py
200 File Copy: C:\Python27\Lib\site-packages\PIL\ImageMode.py
200 File Copy: C:\Python27\Lib\site-packages\PIL\ImageMorph.py
200 File Copy: C:\Python27\Lib\site-packages\PIL\ImageOps.py
200 File Copy: C:\Python27\Lib\site-packages\PIL\ImagePalette.py
200 File Copy: C:\Python27\Lib\site-packages\PIL\ImagePath.py
200 File Copy: C:\Python27\Lib\site-packages\PIL\ImageQt.py
200 File Copy: C:\Python27\Lib\site-packages\PIL\ImageSequence.py
200 File Copy: C:\Python27\Lib\site-packages\PIL\ImageShow.py
200 File Copy: C:\Python27\Lib\site-packages\PIL\ImageStat.py
200 File Copy: C:\Python27\Lib\site-packages\PIL\ImageTk.py
200 File Copy: C:\Python27\Lib\site-packages\PIL\ImageTransform.py
200 File Copy: C:\Python27\Lib\site-packages\PIL\ImageWin.py
200 File Copy: C:\Python27\Lib\site-packages\PIL\ImImagePlugin.py
200 File Copy: C:\Python27\Lib\site-packages\PIL\ImtImagePlugin.py
200 File Copy: C:\Python27\Lib\site-packages\PIL\IptcImagePlugin.py
200 File Copy: C:\Python27\Lib\site-packages\PIL\Jpeg2KImagePlugin.py
200 File Copy: C:\Python27\Lib\site-packages\PIL\JpegImagePlugin.py
200 File Copy: C:\Python27\Lib\site-packages\PIL\JpegPresets.py
200 File Copy: C:\Python27\Lib\site-packages\PIL\McIdasImagePlugin.py
200 File Copy: C:\Python27\Lib\site-packages\PIL\MicImagePlugin.py
200 File Copy: C:\Python27\Lib\site-packages\PIL\MpegImagePlugin.py
200 File Copy: C:\Python27\Lib\site-packages\PIL\MpoImagePlugin.py
200 File Copy: C:\Python27\Lib\site-packages\PIL\MspImagePlugin.py
200 File Copy: C:\Python27\Lib\site-packages\PIL\OleFileIO-README.md
200 File Copy: C:\Python27\Lib\site-packages\PIL\OleFileIO.py
200 File Copy: C:\Python27\Lib\site-packages\PIL\PaletteFile.py
200 File Copy: C:\Python27\Lib\site-packages\PIL\PalmImagePlugin.py
200 File Copy: C:\Python27\Lib\site-packages\PIL\PcdImagePlugin.py
200 File Copy: C:\Python27\Lib\site-packages\PIL\PcfFontFile.py
200 File Copy: C:\Python27\Lib\site-packages\PIL\PcxImagePlugin.py
200 File Copy: C:\Python27\Lib\site-packages\PIL\PdfImagePlugin.py
200 File Copy: C:\Python27\Lib\site-packages\PIL\PixarImagePlugin.py
200 File Copy: C:\Python27\Lib\site-packages\PIL\PngImagePlugin.py
200 File Copy: C:\Python27\Lib\site-packages\PIL\PpmImagePlugin.py
200 File Copy: C:\Python27\Lib\site-packages\PIL\PsdImagePlugin.py
200 File Copy: C:\Python27\Lib\site-packages\PIL\PSDraw.py
200 File Copy: C:\Python27\Lib\site-packages\PIL\PyAccess.py
200 File Copy: C:\Python27\Lib\site-packages\PIL\SgiImagePlugin.py
200 File Copy: C:\Python27\Lib\site-packages\PIL\SpiderImagePlugin.py
200 File Copy: C:\Python27\Lib\site-packages\PIL\SunImagePlugin.py
200 File Copy: C:\Python27\Lib\site-packages\PIL\TarIO.py
200 File Copy: C:\Python27\Lib\site-packages\PIL\TgaImagePlugin.py
200 File Copy: C:\Python27\Lib\site-packages\PIL\TiffImagePlugin.py
200 File Copy: C:\Python27\Lib\site-packages\PIL\TiffTags.py
200 File Copy: C:\Python27\Lib\site-packages\PIL\WalImageFile.py
200 File Copy: C:\Python27\Lib\site-packages\PIL\WebPImagePlugin.py
200 File Copy: C:\Python27\Lib\site-packages\PIL\WmfImagePlugin.py
200 File Copy: C:\Python27\Lib\site-packages\PIL\XbmImagePlugin.py
200 File Copy: C:\Python27\Lib\site-packages\PIL\XpmImagePlugin.py
200 File Copy: C:\Python27\Lib\site-packages\PIL\XVThumbImagePlugin.py
200 File Copy: C:\Python27\Lib\site-packages\PIL\_binary.py
200 File Copy: C:\Python27\Lib\site-packages\PIL\_imaging.pyd
200 File Copy: C:\Python27\Lib\site-packages\PIL\_imagingcms.pyd
200 File Copy: C:\Python27\Lib\site-packages\PIL\_imagingft.pyd
200 File Copy: C:\Python27\Lib\site-packages\PIL\_imagingmath.pyd
200 File Copy: C:\Python27\Lib\site-packages\PIL\_imagingmorph.pyd
200 File Copy: C:\Python27\Lib\site-packages\PIL\_imagingtk.pyd
200 File Copy: C:\Python27\Lib\site-packages\PIL\_util.py
200 File Copy: C:\Python27\Lib\site-packages\PIL\_webp.pyd
200 File Copy: C:\Python27\Lib\site-packages\PIL\__init__.py
100 Made Dir: C:\Python27\Lib\site-packages\Pillow-3.2.0-py2.7.egg-info
200 File Copy: C:\Python27\Lib\site-packages\Pillow-3.2.0-py2.7.egg-info\dependency_links.txt
200 File Copy: C:\Python27\Lib\site-packages\Pillow-3.2.0-py2.7.egg-info\PKG-INFO
200 File Copy: C:\Python27\Lib\site-packages\Pillow-3.2.0-py2.7.egg-info\SOURCES.txt
200 File Copy: C:\Python27\Lib\site-packages\Pillow-3.2.0-py2.7.egg-info\top_level.txt
200 File Copy: C:\Python27\Lib\site-packages\Pillow-3.2.0-py2.7.egg-info\zip-safe
200 File Copy: C:\Python27\Scripts\createfontdatachunk.py
200 File Copy: C:\Python27\Scripts\enhancer.py
200 File Copy: C:\Python27\Scripts\explode.py
200 File Copy: C:\Python27\Scripts\gifmaker.py
200 File Copy: C:\Python27\Scripts\painter.py
200 File Copy: C:\Python27\Scripts\pilconvert.py
200 File Copy: C:\Python27\Scripts\pildriver.py
200 File Copy: C:\Python27\Scripts\pilfile.py
200 File Copy: C:\Python27\Scripts\pilfont.py
200 File Copy: C:\Python27\Scripts\pilprint.py
200 File Copy: C:\Python27\Scripts\player.py
200 File Copy: C:\Python27\Scripts\thresholder.py
200 File Copy: C:\Python27\Scripts\viewer.py
200 File Copy: C:\Python27\Scripts\viewer.pyc
200 File Copy: C:\Python27\Scripts\thresholder.pyc
200 File Copy: C:\Python27\Scripts\player.pyc
200 File Copy: C:\Python27\Scripts\pilprint.pyc
200 File Copy: C:\Python27\Scripts\pilfont.pyc
200 File Copy: C:\Python27\Scripts\pilfile.pyc
200 File Copy: C:\Python27\Scripts\pildriver.pyc
200 File Copy: C:\Python27\Scripts\pilconvert.pyc
200 File Copy: C:\Python27\Scripts\painter.pyc
200 File Copy: C:\Python27\Scripts\gifmaker.pyc
200 File Copy: C:\Python27\Scripts\explode.pyc
200 File Copy: C:\Python27\Scripts\enhancer.pyc
200 File Copy: C:\Python27\Scripts\createfontdatachunk.pyc
200 File Copy: C:\Python27\Lib\site-packages\PIL\__init__.pyc
200 File Copy: C:\Python27\Lib\site-packages\PIL\_util.pyc
200 File Copy: C:\Python27\Lib\site-packages\PIL\_binary.pyc
200 File Copy: C:\Python27\Lib\site-packages\PIL\XVThumbImagePlugin.pyc
200 File Copy: C:\Python27\Lib\site-packages\PIL\XpmImagePlugin.pyc
200 File Copy: C:\Python27\Lib\site-packages\PIL\XbmImagePlugin.pyc
200 File Copy: C:\Python27\Lib\site-packages\PIL\WmfImagePlugin.pyc
200 File Copy: C:\Python27\Lib\site-packages\PIL\WebPImagePlugin.pyc
200 File Copy: C:\Python27\Lib\site-packages\PIL\WalImageFile.pyc
200 File Copy: C:\Python27\Lib\site-packages\PIL\TiffTags.pyc
200 File Copy: C:\Python27\Lib\site-packages\PIL\TiffImagePlugin.pyc
200 File Copy: C:\Python27\Lib\site-packages\PIL\TgaImagePlugin.pyc
200 File Copy: C:\Python27\Lib\site-packages\PIL\TarIO.pyc
200 File Copy: C:\Python27\Lib\site-packages\PIL\SunImagePlugin.pyc
200 File Copy: C:\Python27\Lib\site-packages\PIL\SpiderImagePlugin.pyc
200 File Copy: C:\Python27\Lib\site-packages\PIL\SgiImagePlugin.pyc
200 File Copy: C:\Python27\Lib\site-packages\PIL\PyAccess.pyc
200 File Copy: C:\Python27\Lib\site-packages\PIL\PSDraw.pyc
200 File Copy: C:\Python27\Lib\site-packages\PIL\PsdImagePlugin.pyc
200 File Copy: C:\Python27\Lib\site-packages\PIL\PpmImagePlugin.pyc
200 File Copy: C:\Python27\Lib\site-packages\PIL\PngImagePlugin.pyc
200 File Copy: C:\Python27\Lib\site-packages\PIL\PixarImagePlugin.pyc
200 File Copy: C:\Python27\Lib\site-packages\PIL\PdfImagePlugin.pyc
200 File Copy: C:\Python27\Lib\site-packages\PIL\PcxImagePlugin.pyc
200 File Copy: C:\Python27\Lib\site-packages\PIL\PcfFontFile.pyc
200 File Copy: C:\Python27\Lib\site-packages\PIL\PcdImagePlugin.pyc
200 File Copy: C:\Python27\Lib\site-packages\PIL\PalmImagePlugin.pyc
200 File Copy: C:\Python27\Lib\site-packages\PIL\PaletteFile.pyc
200 File Copy: C:\Python27\Lib\site-packages\PIL\OleFileIO.pyc
200 File Copy: C:\Python27\Lib\site-packages\PIL\MspImagePlugin.pyc
200 File Copy: C:\Python27\Lib\site-packages\PIL\MpoImagePlugin.pyc
200 File Copy: C:\Python27\Lib\site-packages\PIL\MpegImagePlugin.pyc
200 File Copy: C:\Python27\Lib\site-packages\PIL\MicImagePlugin.pyc
200 File Copy: C:\Python27\Lib\site-packages\PIL\McIdasImagePlugin.pyc
200 File Copy: C:\Python27\Lib\site-packages\PIL\JpegPresets.pyc
200 File Copy: C:\Python27\Lib\site-packages\PIL\JpegImagePlugin.pyc
200 File Copy: C:\Python27\Lib\site-packages\PIL\Jpeg2KImagePlugin.pyc
200 File Copy: C:\Python27\Lib\site-packages\PIL\IptcImagePlugin.pyc
200 File Copy: C:\Python27\Lib\site-packages\PIL\ImtImagePlugin.pyc
200 File Copy: C:\Python27\Lib\site-packages\PIL\ImImagePlugin.pyc
200 File Copy: C:\Python27\Lib\site-packages\PIL\ImageWin.pyc
200 File Copy: C:\Python27\Lib\site-packages\PIL\ImageTransform.pyc
200 File Copy: C:\Python27\Lib\site-packages\PIL\ImageTk.pyc
200 File Copy: C:\Python27\Lib\site-packages\PIL\ImageStat.pyc
200 File Copy: C:\Python27\Lib\site-packages\PIL\ImageShow.pyc
200 File Copy: C:\Python27\Lib\site-packages\PIL\ImageSequence.pyc
200 File Copy: C:\Python27\Lib\site-packages\PIL\ImageQt.pyc
200 File Copy: C:\Python27\Lib\site-packages\PIL\ImagePath.pyc
200 File Copy: C:\Python27\Lib\site-packages\PIL\ImagePalette.pyc
200 File Copy: C:\Python27\Lib\site-packages\PIL\ImageOps.pyc
200 File Copy: C:\Python27\Lib\site-packages\PIL\ImageMorph.pyc
200 File Copy: C:\Python27\Lib\site-packages\PIL\ImageMode.pyc
200 File Copy: C:\Python27\Lib\site-packages\PIL\ImageMath.pyc
200 File Copy: C:\Python27\Lib\site-packages\PIL\ImageGrab.pyc
200 File Copy: C:\Python27\Lib\site-packages\PIL\ImageFont.pyc
200 File Copy: C:\Python27\Lib\site-packages\PIL\ImageFilter.pyc
200 File Copy: C:\Python27\Lib\site-packages\PIL\ImageFile.pyc
200 File Copy: C:\Python27\Lib\site-packages\PIL\ImageEnhance.pyc
200 File Copy: C:\Python27\Lib\site-packages\PIL\ImageDraw2.pyc
200 File Copy: C:\Python27\Lib\site-packages\PIL\ImageDraw.pyc
200 File Copy: C:\Python27\Lib\site-packages\PIL\ImageColor.pyc
200 File Copy: C:\Python27\Lib\site-packages\PIL\ImageCms.pyc
200 File Copy: C:\Python27\Lib\site-packages\PIL\ImageChops.pyc
200 File Copy: C:\Python27\Lib\site-packages\PIL\Image.pyc
200 File Copy: C:\Python27\Lib\site-packages\PIL\IcoImagePlugin.pyc
200 File Copy: C:\Python27\Lib\site-packages\PIL\IcnsImagePlugin.pyc
200 File Copy: C:\Python27\Lib\site-packages\PIL\Hdf5StubImagePlugin.pyc
200 File Copy: C:\Python27\Lib\site-packages\PIL\GribStubImagePlugin.pyc
200 File Copy: C:\Python27\Lib\site-packages\PIL\GimpPaletteFile.pyc
200 File Copy: C:\Python27\Lib\site-packages\PIL\GimpGradientFile.pyc
200 File Copy: C:\Python27\Lib\site-packages\PIL\GifImagePlugin.pyc
200 File Copy: C:\Python27\Lib\site-packages\PIL\GdImageFile.pyc
200 File Copy: C:\Python27\Lib\site-packages\PIL\GbrImagePlugin.pyc
200 File Copy: C:\Python27\Lib\site-packages\PIL\FtexImagePlugin.pyc
200 File Copy: C:\Python27\Lib\site-packages\PIL\FpxImagePlugin.pyc
200 File Copy: C:\Python27\Lib\site-packages\PIL\FontFile.pyc
200 File Copy: C:\Python27\Lib\site-packages\PIL\FliImagePlugin.pyc
200 File Copy: C:\Python27\Lib\site-packages\PIL\FitsStubImagePlugin.pyc
200 File Copy: C:\Python27\Lib\site-packages\PIL\features.pyc
200 File Copy: C:\Python27\Lib\site-packages\PIL\ExifTags.pyc
200 File Copy: C:\Python27\Lib\site-packages\PIL\EpsImagePlugin.pyc
200 File Copy: C:\Python27\Lib\site-packages\PIL\DdsImagePlugin.pyc
200 File Copy: C:\Python27\Lib\site-packages\PIL\DcxImagePlugin.pyc
200 File Copy: C:\Python27\Lib\site-packages\PIL\CurImagePlugin.pyc
200 File Copy: C:\Python27\Lib\site-packages\PIL\ContainerIO.pyc
200 File Copy: C:\Python27\Lib\site-packages\PIL\BufrStubImagePlugin.pyc
200 File Copy: C:\Python27\Lib\site-packages\PIL\BmpImagePlugin.pyc
200 File Copy: C:\Python27\Lib\site-packages\PIL\BdfFontFile.pyc
200 File Copy: C:\Python27\Scripts\viewer.pyo
200 File Copy: C:\Python27\Scripts\thresholder.pyo
200 File Copy: C:\Python27\Scripts\player.pyo
200 File Copy: C:\Python27\Scripts\pilprint.pyo
200 File Copy: C:\Python27\Scripts\pilfont.pyo
200 File Copy: C:\Python27\Scripts\pilfile.pyo
200 File Copy: C:\Python27\Scripts\pildriver.pyo
200 File Copy: C:\Python27\Scripts\pilconvert.pyo
200 File Copy: C:\Python27\Scripts\painter.pyo
200 File Copy: C:\Python27\Scripts\gifmaker.pyo
200 File Copy: C:\Python27\Scripts\explode.pyo
200 File Copy: C:\Python27\Scripts\enhancer.pyo
200 File Copy: C:\Python27\Scripts\createfontdatachunk.pyo
200 File Copy: C:\Python27\Lib\site-packages\PIL\__init__.pyo
200 File Copy: C:\Python27\Lib\site-packages\PIL\_util.pyo
200 File Copy: C:\Python27\Lib\site-packages\PIL\_binary.pyo
200 File Copy: C:\Python27\Lib\site-packages\PIL\XVThumbImagePlugin.pyo
200 File Copy: C:\Python27\Lib\site-packages\PIL\XpmImagePlugin.pyo
200 File Copy: C:\Python27\Lib\site-packages\PIL\XbmImagePlugin.pyo
200 File Copy: C:\Python27\Lib\site-packages\PIL\WmfImagePlugin.pyo
200 File Copy: C:\Python27\Lib\site-packages\PIL\WebPImagePlugin.pyo
200 File Copy: C:\Python27\Lib\site-packages\PIL\WalImageFile.pyo
200 File Copy: C:\Python27\Lib\site-packages\PIL\TiffTags.pyo
200 File Copy: C:\Python27\Lib\site-packages\PIL\TiffImagePlugin.pyo
200 File Copy: C:\Python27\Lib\site-packages\PIL\TgaImagePlugin.pyo
200 File Copy: C:\Python27\Lib\site-packages\PIL\TarIO.pyo
200 File Copy: C:\Python27\Lib\site-packages\PIL\SunImagePlugin.pyo
200 File Copy: C:\Python27\Lib\site-packages\PIL\SpiderImagePlugin.pyo
200 File Copy: C:\Python27\Lib\site-packages\PIL\SgiImagePlugin.pyo
200 File Copy: C:\Python27\Lib\site-packages\PIL\PyAccess.pyo
200 File Copy: C:\Python27\Lib\site-packages\PIL\PSDraw.pyo
200 File Copy: C:\Python27\Lib\site-packages\PIL\PsdImagePlugin.pyo
200 File Copy: C:\Python27\Lib\site-packages\PIL\PpmImagePlugin.pyo
200 File Copy: C:\Python27\Lib\site-packages\PIL\PngImagePlugin.pyo
200 File Copy: C:\Python27\Lib\site-packages\PIL\PixarImagePlugin.pyo
200 File Copy: C:\Python27\Lib\site-packages\PIL\PdfImagePlugin.pyo
200 File Copy: C:\Python27\Lib\site-packages\PIL\PcxImagePlugin.pyo
200 File Copy: C:\Python27\Lib\site-packages\PIL\PcfFontFile.pyo
200 File Copy: C:\Python27\Lib\site-packages\PIL\PcdImagePlugin.pyo
200 File Copy: C:\Python27\Lib\site-packages\PIL\PalmImagePlugin.pyo
200 File Copy: C:\Python27\Lib\site-packages\PIL\PaletteFile.pyo
200 File Copy: C:\Python27\Lib\site-packages\PIL\OleFileIO.pyo
200 File Copy: C:\Python27\Lib\site-packages\PIL\MspImagePlugin.pyo
200 File Copy: C:\Python27\Lib\site-packages\PIL\MpoImagePlugin.pyo
200 File Copy: C:\Python27\Lib\site-packages\PIL\MpegImagePlugin.pyo
200 File Copy: C:\Python27\Lib\site-packages\PIL\MicImagePlugin.pyo
200 File Copy: C:\Python27\Lib\site-packages\PIL\McIdasImagePlugin.pyo
200 File Copy: C:\Python27\Lib\site-packages\PIL\JpegPresets.pyo
200 File Copy: C:\Python27\Lib\site-packages\PIL\JpegImagePlugin.pyo
200 File Copy: C:\Python27\Lib\site-packages\PIL\Jpeg2KImagePlugin.pyo
200 File Copy: C:\Python27\Lib\site-packages\PIL\IptcImagePlugin.pyo
200 File Copy: C:\Python27\Lib\site-packages\PIL\ImtImagePlugin.pyo
200 File Copy: C:\Python27\Lib\site-packages\PIL\ImImagePlugin.pyo
200 File Copy: C:\Python27\Lib\site-packages\PIL\ImageWin.pyo
200 File Copy: C:\Python27\Lib\site-packages\PIL\ImageTransform.pyo
200 File Copy: C:\Python27\Lib\site-packages\PIL\ImageTk.pyo
200 File Copy: C:\Python27\Lib\site-packages\PIL\ImageStat.pyo
200 File Copy: C:\Python27\Lib\site-packages\PIL\ImageShow.pyo
200 File Copy: C:\Python27\Lib\site-packages\PIL\ImageSequence.pyo
200 File Copy: C:\Python27\Lib\site-packages\PIL\ImageQt.pyo
200 File Copy: C:\Python27\Lib\site-packages\PIL\ImagePath.pyo
200 File Copy: C:\Python27\Lib\site-packages\PIL\ImagePalette.pyo
200 File Copy: C:\Python27\Lib\site-packages\PIL\ImageOps.pyo
200 File Copy: C:\Python27\Lib\site-packages\PIL\ImageMorph.pyo
200 File Copy: C:\Python27\Lib\site-packages\PIL\ImageMode.pyo
200 File Copy: C:\Python27\Lib\site-packages\PIL\ImageMath.pyo
200 File Copy: C:\Python27\Lib\site-packages\PIL\ImageGrab.pyo
200 File Copy: C:\Python27\Lib\site-packages\PIL\ImageFont.pyo
200 File Copy: C:\Python27\Lib\site-packages\PIL\ImageFilter.pyo
200 File Copy: C:\Python27\Lib\site-packages\PIL\ImageFile.pyo
200 File Copy: C:\Python27\Lib\site-packages\PIL\ImageEnhance.pyo
200 File Copy: C:\Python27\Lib\site-packages\PIL\ImageDraw2.pyo
200 File Copy: C:\Python27\Lib\site-packages\PIL\ImageDraw.pyo
200 File Copy: C:\Python27\Lib\site-packages\PIL\ImageColor.pyo
200 File Copy: C:\Python27\Lib\site-packages\PIL\ImageCms.pyo
200 File Copy: C:\Python27\Lib\site-packages\PIL\ImageChops.pyo
200 File Copy: C:\Python27\Lib\site-packages\PIL\Image.pyo
200 File Copy: C:\Python27\Lib\site-packages\PIL\IcoImagePlugin.pyo
200 File Copy: C:\Python27\Lib\site-packages\PIL\IcnsImagePlugin.pyo
200 File Copy: C:\Python27\Lib\site-packages\PIL\Hdf5StubImagePlugin.pyo
200 File Copy: C:\Python27\Lib\site-packages\PIL\GribStubImagePlugin.pyo
200 File Copy: C:\Python27\Lib\site-packages\PIL\GimpPaletteFile.pyo
200 File Copy: C:\Python27\Lib\site-packages\PIL\GimpGradientFile.pyo
200 File Copy: C:\Python27\Lib\site-packages\PIL\GifImagePlugin.pyo
200 File Copy: C:\Python27\Lib\site-packages\PIL\GdImageFile.pyo
200 File Copy: C:\Python27\Lib\site-packages\PIL\GbrImagePlugin.pyo
200 File Copy: C:\Python27\Lib\site-packages\PIL\FtexImagePlugin.pyo
200 File Copy: C:\Python27\Lib\site-packages\PIL\FpxImagePlugin.pyo
200 File Copy: C:\Python27\Lib\site-packages\PIL\FontFile.pyo
200 File Copy: C:\Python27\Lib\site-packages\PIL\FliImagePlugin.pyo
200 File Copy: C:\Python27\Lib\site-packages\PIL\FitsStubImagePlugin.pyo
200 File Copy: C:\Python27\Lib\site-packages\PIL\features.pyo
200 File Copy: C:\Python27\Lib\site-packages\PIL\ExifTags.pyo
200 File Copy: C:\Python27\Lib\site-packages\PIL\EpsImagePlugin.pyo
200 File Copy: C:\Python27\Lib\site-packages\PIL\DdsImagePlugin.pyo
200 File Copy: C:\Python27\Lib\site-packages\PIL\DcxImagePlugin.pyo
200 File Copy: C:\Python27\Lib\site-packages\PIL\CurImagePlugin.pyo
200 File Copy: C:\Python27\Lib\site-packages\PIL\ContainerIO.pyo
200 File Copy: C:\Python27\Lib\site-packages\PIL\BufrStubImagePlugin.pyo
200 File Copy: C:\Python27\Lib\site-packages\PIL\BmpImagePlugin.pyo
200 File Copy: C:\Python27\Lib\site-packages\PIL\BdfFontFile.pyo
